Using pre-set license
Built from '2020.2/release' branch; Version is '2020.2.0f1 (3721df5a8b28) revision 3613151'; Using compiler version '192528614'; Build Type 'Release'
OS: 'Windows 10  (10.0.0) 64bit' Language: 'en' Physical Memory: 8140 MB
BatchMode: 1, IsHumanControllingUs: 0, StartBugReporterOnCrash: 0, Is64bit: 1, IsPro: 0

 COMMAND LINE ARGUMENTS:
C:\Program Files\Unity\Hub\Editor\2020.2.0f1\Editor\Unity.exe
-adb2
-batchMode
-noUpm
-name
AssetImportWorker0
-projectPath
G:/dev/2018.x/Dragon Tower Defence
-logFile
Logs/AssetImportWorker0.log
-srvPort
50391
Successfully changed project path to: G:/dev/2018.x/Dragon Tower Defence
G:/dev/2018.x/Dragon Tower Defence
Using Asset Import Pipeline V2.
Refreshing native plugins compatible for Editor in 42.84 ms, found 0 plugins.
Preloading 0 native plugins for Editor in 0.00 ms.
Initialize engine version: 2020.2.0f1 (3721df5a8b28)
[Subsystems] Discovering subsystems at path C:/Program Files/Unity/Hub/Editor/2020.2.0f1/Editor/Data/Resources/UnitySubsystems
[Subsystems] Discovering subsystems at path G:/dev/2018.x/Dragon Tower Defence/Assets
GfxDevice: creating device client; threaded=0
Direct3D:
    Version:  Direct3D 11.0 [level 11.1]
    Renderer: NVIDIA GeForce GTX 1660 (ID=0x2184)
    Vendor:   
    VRAM:     5991 MB
    Driver:   27.21.14.5671
Initialize mono
Mono path[0] = 'C:/Program Files/Unity/Hub/Editor/2020.2.0f1/Editor/Data/Managed'
Mono path[1] = 'C:/Program Files/Unity/Hub/Editor/2020.2.0f1/Editor/Data/MonoBleedingEdge/lib/mono/unityjit'
Mono config path = 'C:/Program Files/Unity/Hub/Editor/2020.2.0f1/Editor/Data/MonoBleedingEdge/etc'
Using monoOptions --debugger-agent=transport=dt_socket,embedding=1,server=y,suspend=n,address=127.0.0.1:56104
Begin MonoManager ReloadAssembly
Registering precompiled unity dll's ...
Register platform support module: C:/Program Files/Unity/Hub/Editor/2020.2.0f1/Editor/Data/PlaybackEngines/WebGLSupport/UnityEditor.WebGL.Extensions.dll
Register platform support module: C:/Program Files/Unity/Hub/Editor/2020.2.0f1/Editor/Data/PlaybackEngines/WindowsStandaloneSupport/UnityEditor.WindowsStandalone.Extensions.dll
Registered in 0.002740 seconds.
Native extension for WindowsStandalone target not found
Native extension for WebGL target not found
Refreshing native plugins compatible for Editor in 35.80 ms, found 0 plugins.
Preloading 0 native plugins for Editor in 0.00 ms.
Invoked RoslynAnalysisRunner static constructor.
RoslynAnalysisRunner will not be running.
RoslynAnalysisRunner has terminated.
Mono: successfully reloaded assembly
- Completed reload, in  4.628 seconds
Platform modules already initialized, skipping
Registering precompiled user dll's ...
Registered in 0.001628 seconds.
Begin MonoManager ReloadAssembly
Native extension for WindowsStandalone target not found
Native extension for WebGL target not found
Refreshing native plugins compatible for Editor in 0.48 ms, found 0 plugins.
Preloading 0 native plugins for Editor in 0.00 ms.
Invoked RoslynAnalysisRunner static constructor.
RoslynAnalysisRunner will not be running.
RoslynAnalysisRunner has terminated.
Mono: successfully reloaded assembly
- Completed reload, in  0.939 seconds
Platform modules already initialized, skipping
========================================================================
Worker process is ready to serve import requests
Launched and connected shader compiler UnityShaderCompiler.exe after 0.04 seconds
Refreshing native plugins compatible for Editor in 0.55 ms, found 0 plugins.
Preloading 0 native plugins for Editor in 0.00 ms.
Unloading 1383 Unused Serialized files (Serialized files now loaded: 0)
System memory in use before: 64.7 MB.
System memory in use after: 64.8 MB.

Unloading 33 unused Assets to reduce memory usage. Loaded Objects now: 1811.
Total: 2.022800 ms (FindLiveObjects: 0.242200 ms CreateObjectMapping: 0.040000 ms MarkObjects: 1.687300 ms  DeleteObjects: 0.051900 ms)

========================================================================
Received Import Request.
  path: Assets/Game assets/Enemy
  artifactKey: Guid(9e1b4cf5488424b4fb07a364449a472f) Importer(815301076,1909f56bfc062723c751e8b465ee728b)
Start importing Assets/Game assets/Enemy using Guid(9e1b4cf5488424b4fb07a364449a472f) Importer(815301076,1909f56bfc062723c751e8b465ee728b)  -> (artifact id: '922ef70412658e0699b49422de7e2018') in 0.012807 seconds
  Import took 0.015119 seconds .

========================================================================
Received Import Request.
  Time since last request: 0.000385 seconds.
  path: Assets/Game assets/Enemy/Enemy1.prefab
  artifactKey: Guid(7acf04d5e7d4e7d48a96de63f62ca15c) Importer(815301076,1909f56bfc062723c751e8b465ee728b)
Start importing Assets/Game assets/Enemy/Enemy1.prefab using Guid(7acf04d5e7d4e7d48a96de63f62ca15c) Importer(815301076,1909f56bfc062723c751e8b465ee728b)  -> (artifact id: 'e567b855be930316bb38ce3491ea1053') in 0.502151 seconds
  Import took 0.505977 seconds .

========================================================================
Received Prepare
Refreshing native plugins compatible for Editor in 5.72 ms, found 0 plugins.
Preloading 0 native plugins for Editor in 0.00 ms.
Unloading 22 Unused Serialized files (Serialized files now loaded: 0)
System memory in use before: 52.6 MB.
System memory in use after: 52.8 MB.

Unloading 22 unused Assets to reduce memory usage. Loaded Objects now: 1821.
Total: 2.428800 ms (FindLiveObjects: 0.237100 ms CreateObjectMapping: 0.035700 ms MarkObjects: 2.132500 ms  DeleteObjects: 0.022200 ms)

========================================================================
Received Import Request.
  Time since last request: 26.881124 seconds.
  path: Assets/Game assets/Scenes/Game Scene.unity
  artifactKey: Guid(918f6cf6a3e435042b6ae14205146745) Importer(815301076,1909f56bfc062723c751e8b465ee728b)
Start importing Assets/Game assets/Scenes/Game Scene.unity using Guid(918f6cf6a3e435042b6ae14205146745) Importer(815301076,1909f56bfc062723c751e8b465ee728b)  -> (artifact id: '8e559babd9d20c23a124ee75bdc6b3da') in 0.008713 seconds
  Import took 0.011236 seconds .

========================================================================
Received Import Request.
  Time since last request: 4.685249 seconds.
  path: Assets/Game assets/Scenes/Home Page.unity
  artifactKey: Guid(80464a6425c75d549902795eaf71ab7d) Importer(815301076,1909f56bfc062723c751e8b465ee728b)
Start importing Assets/Game assets/Scenes/Home Page.unity using Guid(80464a6425c75d549902795eaf71ab7d) Importer(815301076,1909f56bfc062723c751e8b465ee728b)  -> (artifact id: '7177f2d531c8712a822660eae6d98ce7') in 0.007198 seconds
  Import took 0.009812 seconds .

========================================================================
Received Import Request.
  Time since last request: 4.965168 seconds.
  path: Assets/Game assets/Scenes/GameOver.unity
  artifactKey: Guid(d0078f2f002a13f45b3a8ae98ca1b577) Importer(815301076,1909f56bfc062723c751e8b465ee728b)
Start importing Assets/Game assets/Scenes/GameOver.unity using Guid(d0078f2f002a13f45b3a8ae98ca1b577) Importer(815301076,1909f56bfc062723c751e8b465ee728b)  -> (artifact id: '97961e5239b3b7899376601fc2bdbd0e') in 0.006722 seconds
  Import took 0.009386 seconds .

========================================================================
Received Import Request.
  Time since last request: 0.000396 seconds.
  path: Assets/Game assets/Scenes/GameOver.unity
  artifactKey: Guid(d0078f2f002a13f45b3a8ae98ca1b577) Importer(815301076,1909f56bfc062723c751e8b465ee728b)
Start importing Assets/Game assets/Scenes/GameOver.unity using Guid(d0078f2f002a13f45b3a8ae98ca1b577) Importer(815301076,1909f56bfc062723c751e8b465ee728b)  -> (artifact id: '97961e5239b3b7899376601fc2bdbd0e') in 0.002541 seconds
  Import took 0.004932 seconds .

========================================================================
Received Import Request.
  Time since last request: 73.519520 seconds.
  path: Assets/Game assets/Scenes/Win.unity
  artifactKey: Guid(393fabc62b148d748ab485a3a5c91983) Importer(815301076,1909f56bfc062723c751e8b465ee728b)
Start importing Assets/Game assets/Scenes/Win.unity using Guid(393fabc62b148d748ab485a3a5c91983) Importer(815301076,1909f56bfc062723c751e8b465ee728b)  -> (artifact id: '0bf6de19aca3ea5e57986cb67f0331f8') in 0.006906 seconds
  Import took 0.009677 seconds .

========================================================================
Received Prepare
Registering precompiled user dll's ...
Registered in 0.001774 seconds.
Begin MonoManager ReloadAssembly
Native extension for WindowsStandalone target not found
Native extension for WebGL target not found
Refreshing native plugins compatible for Editor in 0.65 ms, found 0 plugins.
Preloading 0 native plugins for Editor in 0.00 ms.
Invoked RoslynAnalysisRunner static constructor.
RoslynAnalysisRunner will not be running.
RoslynAnalysisRunner has terminated.
Mono: successfully reloaded assembly
- Completed reload, in  0.833 seconds
Platform modules already initialized, skipping
Refreshing native plugins compatible for Editor in 0.49 ms, found 0 plugins.
Preloading 0 native plugins for Editor in 0.00 ms.
Unloading 1377 Unused Serialized files (Serialized files now loaded: 0)
System memory in use before: 79.3 MB.
System memory in use after: 79.4 MB.

Unloading 24 unused Assets to reduce memory usage. Loaded Objects now: 1823.
Total: 2.049000 ms (FindLiveObjects: 0.266300 ms CreateObjectMapping: 0.084000 ms MarkObjects: 1.675000 ms  DeleteObjects: 0.022100 ms)

AssetImportWorkerClient::OnTransportError - code=2 error=End of file
